0 info it worked if it ends with ok
1 verbose cli [ 'C:\\Program Files\\nodejs\\node.exe',
1 verbose cli   'C:\\Users\\tikkami\\AppData\\Roaming\\npm\\node_modules\\npm\\bin\\npm-cli.js',
1 verbose cli   'run',
1 verbose cli   'test:unit' ]
2 info using npm@3.8.0
3 info using node@v6.3.1
4 verbose run-script [ 'pretest:unit', 'test:unit', 'posttest:unit' ]
5 info lifecycle express-route-dateversioning@0.1.0~pretest:unit: express-route-dateversioning@0.1.0
6 silly lifecycle express-route-dateversioning@0.1.0~pretest:unit: no script for pretest:unit, continuing
7 info lifecycle express-route-dateversioning@0.1.0~test:unit: express-route-dateversioning@0.1.0
8 verbose lifecycle express-route-dateversioning@0.1.0~test:unit: unsafe-perm in lifecycle true
9 verbose lifecycle express-route-dateversioning@0.1.0~test:unit: PATH: C:\Users\tikkami\AppData\Roaming\npm\node_modules\npm\bin\node-gyp-bin;C:\webdev\workspace\express-route-dateversioning\node_modules\.bin;C:\Program Files\nodejs;%SystemRoot%\system32\WindowsPowerShell\v1.0\;C:\ProgramData\Oracle\Java\javapath;C:\Windows\system32;C:\Windows;C:\Windows\System32\Wbem;C:\Windows\System32\WindowsPowerShell\v1.0\;C:\Program Files (x86)\Intel\OpenCL SDK\3.0\bin\x86;C:\Program Files (x86)\Intel\OpenCL SDK\3.0\bin\x64;C:\Program Files\Microsoft SQL Server\110\Tools\Binn\;C:\Program Files\Intel\WiFi\bin\;C:\Program Files\Common Files\Intel\WirelessCommon\;C:\Program Files (x86)\Microsoft SDKs\TypeScript\1.0\;C:\Program Files\Microsoft SQL Server\120\Tools\Binn\;C:\Program Files (x86)\Skype\Phone\;C:\Program Files\Git\cmd;C:\Program Files\Amazon\AWSCLI\;C:\Program Files\nodejs\;C:\Python27;C:\Program Files (x86)\Microsoft VS Code\bin;C:\Program Files\Git\usr\bin;C:\Users\tikkami\AppData\Roaming\npm;C:\Program Files\Docker Toolbox
10 verbose lifecycle express-route-dateversioning@0.1.0~test:unit: CWD: C:\webdev\workspace\express-route-dateversioning
11 silly lifecycle express-route-dateversioning@0.1.0~test:unit: Args: [ '/d /s /c', 'mocha tests --check-leaks' ]
12 silly lifecycle express-route-dateversioning@0.1.0~test:unit: Returned: code: 1  signal: null
13 info lifecycle express-route-dateversioning@0.1.0~test:unit: Failed to exec test:unit script
14 verbose stack Error: express-route-dateversioning@0.1.0 test:unit: `mocha tests --check-leaks`
14 verbose stack Exit status 1
14 verbose stack     at EventEmitter.<anonymous> (C:\Users\tikkami\AppData\Roaming\npm\node_modules\npm\lib\utils\lifecycle.js:239:16)
14 verbose stack     at emitTwo (events.js:106:13)
14 verbose stack     at EventEmitter.emit (events.js:191:7)
14 verbose stack     at ChildProcess.<anonymous> (C:\Users\tikkami\AppData\Roaming\npm\node_modules\npm\lib\utils\spawn.js:24:14)
14 verbose stack     at emitTwo (events.js:106:13)
14 verbose stack     at ChildProcess.emit (events.js:191:7)
14 verbose stack     at maybeClose (internal/child_process.js:852:16)
14 verbose stack     at Process.ChildProcess._handle.onexit (internal/child_process.js:215:5)
15 verbose pkgid express-route-dateversioning@0.1.0
16 verbose cwd C:\webdev\workspace\express-route-dateversioning
17 error Windows_NT 6.1.7601
18 error argv "C:\\Program Files\\nodejs\\node.exe" "C:\\Users\\tikkami\\AppData\\Roaming\\npm\\node_modules\\npm\\bin\\npm-cli.js" "run" "test:unit"
19 error node v6.3.1
20 error npm  v3.8.0
21 error code ELIFECYCLE
22 error express-route-dateversioning@0.1.0 test:unit: `mocha tests --check-leaks`
22 error Exit status 1
23 error Failed at the express-route-dateversioning@0.1.0 test:unit script 'mocha tests --check-leaks'.
23 error Make sure you have the latest version of node.js and npm installed.
23 error If you do, this is most likely a problem with the express-route-dateversioning package,
23 error not with npm itself.
23 error Tell the author that this fails on your system:
23 error     mocha tests --check-leaks
23 error You can get information on how to open an issue for this project with:
23 error     npm bugs express-route-dateversioning
23 error Or if that isn't available, you can get their info via:
23 error     npm owner ls express-route-dateversioning
23 error There is likely additional logging output above.
24 verbose exit [ 1, true ]
